c:\users\mercy\desktop\guidedhacking\guidedhacking\x64\release\vc143.pdb
c:\users\mercy\desktop\guidedhacking\guidedhacking\x64\release\guidedhacking.obj
c:\users\mercy\desktop\guidedhacking\guidedhacking\x64\release\memory.obj
c:\users\mercy\desktop\guidedhacking\guidedhacking\x64\release\communication.obj
c:\users\mercy\desktop\guidedhacking\guidedhacking\x64\release\events.obj
c:\users\mercy\desktop\guidedhacking\x64\release\guidedhacking\guidedhacking.cat
c:\users\mercy\desktop\guidedhacking\x64\release\guidedhacking.sys
c:\users\mercy\desktop\guidedhacking\x64\release\guidedhacking.pdb
c:\users\mercy\desktop\guidedhacking\guidedhacking\x64\release\guidedhacking.inf
c:\users\mercy\desktop\guidedhacking\guidedhacking\x64\release\guidedhacking.tlog\cl.command.1.tlog
c:\users\mercy\desktop\guidedhacking\guidedhacking\x64\release\guidedhacking.tlog\cl.items.tlog
c:\users\mercy\desktop\guidedhacking\guidedhacking\x64\release\guidedhacking.tlog\cl.read.1.tlog
c:\users\mercy\desktop\guidedhacking\guidedhacking\x64\release\guidedhacking.tlog\cl.write.1.tlog
c:\users\mercy\desktop\guidedhacking\guidedhacking\x64\release\guidedhacking.tlog\inf2cat-expand.14408.read.1.tlog
c:\users\mercy\desktop\guidedhacking\guidedhacking\x64\release\guidedhacking.tlog\inf2cat-expand.14408.write.1.tlog
c:\users\mercy\desktop\guidedhacking\guidedhacking\x64\release\guidedhacking.tlog\inf2cat-expand.15064.read.1.tlog
c:\users\mercy\desktop\guidedhacking\guidedhacking\x64\release\guidedhacking.tlog\inf2cat-expand.15064.write.1.tlog
c:\users\mercy\desktop\guidedhacking\guidedhacking\x64\release\guidedhacking.tlog\inf2cat-expand.15600.read.1.tlog
c:\users\mercy\desktop\guidedhacking\guidedhacking\x64\release\guidedhacking.tlog\inf2cat-expand.15600.write.1.tlog
c:\users\mercy\desktop\guidedhacking\guidedhacking\x64\release\guidedhacking.tlog\inf2cat-expand.15644.read.1.tlog
c:\users\mercy\desktop\guidedhacking\guidedhacking\x64\release\guidedhacking.tlog\inf2cat-expand.15644.write.1.tlog
c:\users\mercy\desktop\guidedhacking\guidedhacking\x64\release\guidedhacking.tlog\inf2cat-expand.16168.read.1.tlog
c:\users\mercy\desktop\guidedhacking\guidedhacking\x64\release\guidedhacking.tlog\inf2cat-expand.16168.write.1.tlog
c:\users\mercy\desktop\guidedhacking\guidedhacking\x64\release\guidedhacking.tlog\inf2cat-expand.17224.read.1.tlog
c:\users\mercy\desktop\guidedhacking\guidedhacking\x64\release\guidedhacking.tlog\inf2cat-expand.17224.write.1.tlog
c:\users\mercy\desktop\guidedhacking\guidedhacking\x64\release\guidedhacking.tlog\inf2cat-expand.17272.read.1.tlog
c:\users\mercy\desktop\guidedhacking\guidedhacking\x64\release\guidedhacking.tlog\inf2cat-expand.17272.write.1.tlog
c:\users\mercy\desktop\guidedhacking\guidedhacking\x64\release\guidedhacking.tlog\inf2cat-expand.17336.read.1.tlog
c:\users\mercy\desktop\guidedhacking\guidedhacking\x64\release\guidedhacking.tlog\inf2cat-expand.17336.write.1.tlog
c:\users\mercy\desktop\guidedhacking\guidedhacking\x64\release\guidedhacking.tlog\inf2cat-expand.1772.read.1.tlog
c:\users\mercy\desktop\guidedhacking\guidedhacking\x64\release\guidedhacking.tlog\inf2cat-expand.1772.write.1.tlog
c:\users\mercy\desktop\guidedhacking\guidedhacking\x64\release\guidedhacking.tlog\inf2cat-expand.18052.read.1.tlog
c:\users\mercy\desktop\guidedhacking\guidedhacking\x64\release\guidedhacking.tlog\inf2cat-expand.18052.write.1.tlog
c:\users\mercy\desktop\guidedhacking\guidedhacking\x64\release\guidedhacking.tlog\inf2cat-expand.18532.read.1.tlog
c:\users\mercy\desktop\guidedhacking\guidedhacking\x64\release\guidedhacking.tlog\inf2cat-expand.18532.write.1.tlog
c:\users\mercy\desktop\guidedhacking\guidedhacking\x64\release\guidedhacking.tlog\inf2cat-expand.18540.read.1.tlog
c:\users\mercy\desktop\guidedhacking\guidedhacking\x64\release\guidedhacking.tlog\inf2cat-expand.18540.write.1.tlog
c:\users\mercy\desktop\guidedhacking\guidedhacking\x64\release\guidedhacking.tlog\inf2cat-expand.18632.read.1.tlog
c:\users\mercy\desktop\guidedhacking\guidedhacking\x64\release\guidedhacking.tlog\inf2cat-expand.18632.write.1.tlog
c:\users\mercy\desktop\guidedhacking\guidedhacking\x64\release\guidedhacking.tlog\inf2cat-expand.18880.read.1.tlog
c:\users\mercy\desktop\guidedhacking\guidedhacking\x64\release\guidedhacking.tlog\inf2cat-expand.18880.write.1.tlog
c:\users\mercy\desktop\guidedhacking\guidedhacking\x64\release\guidedhacking.tlog\inf2cat-expand.19764.read.1.tlog
c:\users\mercy\desktop\guidedhacking\guidedhacking\x64\release\guidedhacking.tlog\inf2cat-expand.19764.write.1.tlog
c:\users\mercy\desktop\guidedhacking\guidedhacking\x64\release\guidedhacking.tlog\inf2cat-expand.20076.read.1.tlog
c:\users\mercy\desktop\guidedhacking\guidedhacking\x64\release\guidedhacking.tlog\inf2cat-expand.20076.write.1.tlog
c:\users\mercy\desktop\guidedhacking\guidedhacking\x64\release\guidedhacking.tlog\inf2cat-expand.20532.read.1.tlog
c:\users\mercy\desktop\guidedhacking\guidedhacking\x64\release\guidedhacking.tlog\inf2cat-expand.20532.write.1.tlog
c:\users\mercy\desktop\guidedhacking\guidedhacking\x64\release\guidedhacking.tlog\inf2cat-expand.20548.read.1.tlog
c:\users\mercy\desktop\guidedhacking\guidedhacking\x64\release\guidedhacking.tlog\inf2cat-expand.20548.write.1.tlog
c:\users\mercy\desktop\guidedhacking\guidedhacking\x64\release\guidedhacking.tlog\inf2cat-expand.20684.read.1.tlog
c:\users\mercy\desktop\guidedhacking\guidedhacking\x64\release\guidedhacking.tlog\inf2cat-expand.20684.write.1.tlog
c:\users\mercy\desktop\guidedhacking\guidedhacking\x64\release\guidedhacking.tlog\inf2cat-expand.21652.read.1.tlog
c:\users\mercy\desktop\guidedhacking\guidedhacking\x64\release\guidedhacking.tlog\inf2cat-expand.21652.write.1.tlog
c:\users\mercy\desktop\guidedhacking\guidedhacking\x64\release\guidedhacking.tlog\inf2cat-expand.22080.read.1.tlog
c:\users\mercy\desktop\guidedhacking\guidedhacking\x64\release\guidedhacking.tlog\inf2cat-expand.22080.write.1.tlog
c:\users\mercy\desktop\guidedhacking\guidedhacking\x64\release\guidedhacking.tlog\inf2cat-expand.22560.read.1.tlog
c:\users\mercy\desktop\guidedhacking\guidedhacking\x64\release\guidedhacking.tlog\inf2cat-expand.22560.write.1.tlog
c:\users\mercy\desktop\guidedhacking\guidedhacking\x64\release\guidedhacking.tlog\inf2cat-expand.23356.read.1.tlog
c:\users\mercy\desktop\guidedhacking\guidedhacking\x64\release\guidedhacking.tlog\inf2cat-expand.23356.write.1.tlog
c:\users\mercy\desktop\guidedhacking\guidedhacking\x64\release\guidedhacking.tlog\inf2cat-expand.2376.read.1.tlog
c:\users\mercy\desktop\guidedhacking\guidedhacking\x64\release\guidedhacking.tlog\inf2cat-expand.2376.write.1.tlog
c:\users\mercy\desktop\guidedhacking\guidedhacking\x64\release\guidedhacking.tlog\inf2cat-expand.25720.read.1.tlog
c:\users\mercy\desktop\guidedhacking\guidedhacking\x64\release\guidedhacking.tlog\inf2cat-expand.25720.write.1.tlog
c:\users\mercy\desktop\guidedhacking\guidedhacking\x64\release\guidedhacking.tlog\inf2cat-expand.3120.read.1.tlog
c:\users\mercy\desktop\guidedhacking\guidedhacking\x64\release\guidedhacking.tlog\inf2cat-expand.3120.write.1.tlog
c:\users\mercy\desktop\guidedhacking\guidedhacking\x64\release\guidedhacking.tlog\inf2cat-expand.3236.read.1.tlog
c:\users\mercy\desktop\guidedhacking\guidedhacking\x64\release\guidedhacking.tlog\inf2cat-expand.3236.write.1.tlog
c:\users\mercy\desktop\guidedhacking\guidedhacking\x64\release\guidedhacking.tlog\inf2cat-expand.3484.read.1.tlog
c:\users\mercy\desktop\guidedhacking\guidedhacking\x64\release\guidedhacking.tlog\inf2cat-expand.3484.write.1.tlog
c:\users\mercy\desktop\guidedhacking\guidedhacking\x64\release\guidedhacking.tlog\inf2cat-expand.3684.read.1.tlog
c:\users\mercy\desktop\guidedhacking\guidedhacking\x64\release\guidedhacking.tlog\inf2cat-expand.3684.write.1.tlog
c:\users\mercy\desktop\guidedhacking\guidedhacking\x64\release\guidedhacking.tlog\inf2cat-expand.3756.read.1.tlog
c:\users\mercy\desktop\guidedhacking\guidedhacking\x64\release\guidedhacking.tlog\inf2cat-expand.3756.write.1.tlog
c:\users\mercy\desktop\guidedhacking\guidedhacking\x64\release\guidedhacking.tlog\inf2cat-expand.4864.read.1.tlog
c:\users\mercy\desktop\guidedhacking\guidedhacking\x64\release\guidedhacking.tlog\inf2cat-expand.4864.write.1.tlog
c:\users\mercy\desktop\guidedhacking\guidedhacking\x64\release\guidedhacking.tlog\inf2cat-expand.6668.read.1.tlog
c:\users\mercy\desktop\guidedhacking\guidedhacking\x64\release\guidedhacking.tlog\inf2cat-expand.6668.write.1.tlog
c:\users\mercy\desktop\guidedhacking\guidedhacking\x64\release\guidedhacking.tlog\inf2cat-expand.6804.read.1.tlog
c:\users\mercy\desktop\guidedhacking\guidedhacking\x64\release\guidedhacking.tlog\inf2cat-expand.6804.write.1.tlog
c:\users\mercy\desktop\guidedhacking\guidedhacking\x64\release\guidedhacking.tlog\inf2cat-expand.7964.read.1.tlog
c:\users\mercy\desktop\guidedhacking\guidedhacking\x64\release\guidedhacking.tlog\inf2cat-expand.7964.write.1.tlog
c:\users\mercy\desktop\guidedhacking\guidedhacking\x64\release\guidedhacking.tlog\inf2cat-expand.9768.read.1.tlog
c:\users\mercy\desktop\guidedhacking\guidedhacking\x64\release\guidedhacking.tlog\inf2cat-expand.9768.write.1.tlog
c:\users\mercy\desktop\guidedhacking\guidedhacking\x64\release\guidedhacking.tlog\inf2cat-expand.9776.read.1.tlog
c:\users\mercy\desktop\guidedhacking\guidedhacking\x64\release\guidedhacking.tlog\inf2cat-expand.9776.write.1.tlog
c:\users\mercy\desktop\guidedhacking\guidedhacking\x64\release\guidedhacking.tlog\inf2cat-expand.read.1.tlog
c:\users\mercy\desktop\guidedhacking\guidedhacking\x64\release\guidedhacking.tlog\inf2cat-expand.write.1.tlog
c:\users\mercy\desktop\guidedhacking\guidedhacking\x64\release\guidedhacking.tlog\inf2cat.command.1.tlog
c:\users\mercy\desktop\guidedhacking\guidedhacking\x64\release\guidedhacking.tlog\inf2cat.read.1.tlog
c:\users\mercy\desktop\guidedhacking\guidedhacking\x64\release\guidedhacking.tlog\inf2cat.write.1.tlog
c:\users\mercy\desktop\guidedhacking\guidedhacking\x64\release\guidedhacking.tlog\link.command.1.tlog
c:\users\mercy\desktop\guidedhacking\guidedhacking\x64\release\guidedhacking.tlog\link.read.1.tlog
c:\users\mercy\desktop\guidedhacking\guidedhacking\x64\release\guidedhacking.tlog\link.secondary.1.tlog
c:\users\mercy\desktop\guidedhacking\guidedhacking\x64\release\guidedhacking.tlog\link.write.1.tlog
c:\users\mercy\desktop\guidedhacking\guidedhacking\x64\release\guidedhacking.tlog\signtool.command.1.tlog
c:\users\mercy\desktop\guidedhacking\guidedhacking\x64\release\guidedhacking.tlog\signtool.read.1.tlog
c:\users\mercy\desktop\guidedhacking\guidedhacking\x64\release\guidedhacking.tlog\signtool.timestamp.1.tlog
c:\users\mercy\desktop\guidedhacking\guidedhacking\x64\release\guidedhacking.tlog\signtool.write.1.tlog
c:\users\mercy\desktop\guidedhacking\guidedhacking\x64\release\guidedhacking.tlog\stampinf.command.1.tlog
c:\users\mercy\desktop\guidedhacking\guidedhacking\x64\release\guidedhacking.tlog\stampinf.read.1.tlog
c:\users\mercy\desktop\guidedhacking\guidedhacking\x64\release\guidedhacking.tlog\stampinf.write.1.tlog
